<?xml version="1.0" encoding="UTF-8"?>
<testng-results skipped="0" failed="0" total="1" passed="1">
  <reporter-output>
  </reporter-output>
  <suite name="Suite" duration-ms="19407" started-at="2016-03-03T07:06:08Z" finished-at="2016-03-03T07:06:28Z">
    <groups>
    </groups>
    <test name="Test" duration-ms="19407" started-at="2016-03-03T07:06:08Z" finished-at="2016-03-03T07:06:28Z">
      <class name="org.quinnox.verifyLogin.VerifyLoginTest">
        <test-method status="PASS" signature="verifyLogin()[pri:0, instance:org.quinnox.verifyLogin.VerifyLoginTest@39117085]" name="verifyLogin" duration-ms="19381" started-at="2016-03-03T12:36:08Z" finished-at="2016-03-03T12:36:28Z">
          <reporter-output>
          </reporter-output>
        </test-method> <!-- verifyLogin -->
      </class> <!-- org.quinnox.verifyLogin.VerifyLoginTest -->
    </test> <!-- Test -->
  </suite> <!-- Suite -->
</testng-results>
